[1m[92m   Compiling[0m proc-macro2 v1.0.106
[1m[92m   Compiling[0m quote v1.0.44
[1m[92m   Compiling[0m unicode-ident v1.0.24
[1m[92m   Compiling[0m serde_core v1.0.228
[1m[92m   Compiling[0m serde v1.0.228
[1m[92m   Compiling[0m version_check v0.9.5
[1m[92m   Compiling[0m typenum v1.19.0
[1m[92m   Compiling[0m generic-array v0.14.7
[1m[92m   Compiling[0m zmij v1.0.21
[1m[92m   Compiling[0m autocfg v1.5.0
[1m[92m   Compiling[0m libc v0.2.182
[1m[92m   Compiling[0m serde_json v1.0.149
[1m[92m   Compiling[0m equivalent v1.0.2
[1m[92m   Compiling[0m num-traits v0.2.19
[1m[92m   Compiling[0m cfg-if v1.0.4
[1m[92m   Compiling[0m itoa v1.0.17
[1m[92m   Compiling[0m syn v2.0.117
[1m[92m   Compiling[0m getrandom v0.4.1
[1m[92m   Compiling[0m hashbrown v0.16.1
[1m[92m   Compiling[0m memchr v2.8.0
[1m[92m   Compiling[0m block-buffer v0.10.4
[1m[92m   Compiling[0m crypto-common v0.1.7
[1m[92m   Compiling[0m indexmap v2.13.0
[1m[92m   Compiling[0m toml_write v0.1.2
[1m[92m   Compiling[0m winnow v0.7.14
[1m[92m   Compiling[0m thiserror v2.0.18
[1m[92m   Compiling[0m digest v0.10.7
[1m[92m   Compiling[0m cpufeatures v0.2.17
[1m[92m   Compiling[0m iana-time-zone v0.1.65
[1m[92m   Compiling[0m sha2 v0.10.9
[1m[92m   Compiling[0m uuid v1.21.0
[1m[92m   Compiling[0m hex v0.4.3
[1m[92m   Compiling[0m serde_derive v1.0.228
[1m[92m   Compiling[0m thiserror-impl v2.0.18
[1m[92m   Compiling[0m toml_datetime v0.6.11
[1m[92m   Compiling[0m serde_spanned v0.6.9
[1m[92m   Compiling[0m franken-evidence v0.2.6 (/dp/asupersync/franken_evidence)
[1m[92m   Compiling[0m franken-kernel v0.2.6 (/dp/asupersync/franken_kernel)
[1m[92m   Compiling[0m chrono v0.4.43
[1m[92m   Compiling[0m toml_edit v0.22.27
[1m[92m   Compiling[0m franken-decision v0.2.6 (/dp/asupersync/franken_decision)
[1m[92m   Compiling[0m toml v0.8.23
[1m[92m   Compiling[0m frankenengine-engine v0.1.0 (/data/projects/franken_engine/crates/franken-engine)
